<?xml version="1.0" encoding="UTF-8"?>
<coverage generated="1725887708678" clover="3.2.0">
  <project timestamp="1725887708678" name="All files">
    <metrics statements="20" coveredstatements="9" conditionals="0" coveredconditionals="0" methods="9" coveredmethods="1" elements="29" coveredelements="10" complexity="0" loc="20" ncloc="20" packages="1" files="1" classes="1"/>
    <file name="notesHandler.js" path="/media/islam/2CAA08A0AA086922/Programming/nodejs/note-taking-app/app/notesHandler.js">
      <metrics statements="20" coveredstatements="9" conditionals="0" coveredconditionals="0" methods="9" coveredmethods="1"/>
      <line num="5" count="1" type="stmt"/>
      <line num="6" count="1" type="stmt"/>
      <line num="13" count="1" type="stmt"/>
      <line num="14" count="1" type="stmt"/>
      <line num="17" count="1" type="stmt"/>
      <line num="18" count="0" type="stmt"/>
      <line num="19" count="0" type="stmt"/>
      <line num="22" count="1" type="stmt"/>
      <line num="23" count="0" type="stmt"/>
      <line num="24" count="0" type="stmt"/>
      <line num="25" count="0" type="stmt"/>
      <line num="28" count="1" type="stmt"/>
      <line num="29" count="0" type="stmt"/>
      <line num="30" count="0" type="stmt"/>
      <line num="31" count="0" type="stmt"/>
      <line num="34" count="1" type="stmt"/>
      <line num="35" count="0" type="stmt"/>
      <line num="36" count="0" type="stmt"/>
      <line num="37" count="0" type="stmt"/>
      <line num="40" count="1" type="stmt"/>
    </file>
  </project>
</coverage>
