{"/media/islam/2CAA08A0AA086922/Programming/nodejs/note-taking-app/app/notesHandler.js": {"path":"/media/islam/2CAA08A0AA086922/Programming/nodejs/note-taking-app/app/notesHandler.js","statementMap":{"0":{"start":{"line":5,"column":23},"end":{"line":15,"column":1}},"1":{"start":{"line":6,"column":18},"end":{"line":11,"column":3}},"2":{"start":{"line":13,"column":2},"end":{"line":13,"column":28}},"3":{"start":{"line":14,"column":2},"end":{"line":14,"column":17}},"4":{"start":{"line":17,"column":27},"end":{"line":20,"column":1}},"5":{"start":{"line":18,"column":20},"end":{"line":18,"column":35}},"6":{"start":{"line":19,"column":2},"end":{"line":19,"column":15}},"7":{"start":{"line":22,"column":29},"end":{"line":26,"column":1}},"8":{"start":{"line":23,"column":19},"end":{"line":23,"column":38}},"9":{"start":{"line":24,"column":15},"end":{"line":24,"column":104}},"10":{"start":{"line":24,"column":45},"end":{"line":24,"column":103}},"11":{"start":{"line":25,"column":2},"end":{"line":25,"column":14}},"12":{"start":{"line":28,"column":26},"end":{"line":32,"column":1}},"13":{"start":{"line":29,"column":19},"end":{"line":29,"column":38}},"14":{"start":{"line":30,"column":15},"end":{"line":30,"column":100}},"15":{"start":{"line":30,"column":47},"end":{"line":30,"column":99}},"16":{"start":{"line":31,"column":2},"end":{"line":31,"column":14}},"17":{"start":{"line":34,"column":30},"end":{"line":38,"column":1}},"18":{"start":{"line":35,"column":19},"end":{"line":35,"column":38}},"19":{"start":{"line":36,"column":16},"end":{"line":36,"column":57}},"20":{"start":{"line":36,"column":42},"end":{"line":36,"column":56}},"21":{"start":{"line":37,"column":2},"end":{"line":37,"column":25}},"22":{"start":{"line":40,"column":30},"end":{"line":40,"column":56}},"23":{"start":{"line":40,"column":35},"end":{"line":40,"column":56}}},"fnMap":{"0":{"name":"(anonymous_0)","decl":{"start":{"line":5,"column":23},"end":{"line":5,"column":24}},"loc":{"start":{"line":5,"column":45},"end":{"line":15,"column":1}},"line":5},"1":{"name":"(anonymous_1)","decl":{"start":{"line":17,"column":27},"end":{"line":17,"column":28}},"loc":{"start":{"line":17,"column":39},"end":{"line":20,"column":1}},"line":17},"2":{"name":"(anonymous_2)","decl":{"start":{"line":22,"column":29},"end":{"line":22,"column":30}},"loc":{"start":{"line":22,"column":48},"end":{"line":26,"column":1}},"line":22},"3":{"name":"(anonymous_3)","decl":{"start":{"line":24,"column":35},"end":{"line":24,"column":36}},"loc":{"start":{"line":24,"column":45},"end":{"line":24,"column":103}},"line":24},"4":{"name":"(anonymous_4)","decl":{"start":{"line":28,"column":26},"end":{"line":28,"column":27}},"loc":{"start":{"line":28,"column":42},"end":{"line":32,"column":1}},"line":28},"5":{"name":"(anonymous_5)","decl":{"start":{"line":30,"column":37},"end":{"line":30,"column":38}},"loc":{"start":{"line":30,"column":47},"end":{"line":30,"column":99}},"line":30},"6":{"name":"(anonymous_6)","decl":{"start":{"line":34,"column":30},"end":{"line":34,"column":31}},"loc":{"start":{"line":34,"column":43},"end":{"line":38,"column":1}},"line":34},"7":{"name":"(anonymous_7)","decl":{"start":{"line":36,"column":32},"end":{"line":36,"column":33}},"loc":{"start":{"line":36,"column":42},"end":{"line":36,"column":56}},"line":36},"8":{"name":"(anonymous_8)","decl":{"start":{"line":40,"column":30},"end":{"line":40,"column":31}},"loc":{"start":{"line":40,"column":35},"end":{"line":40,"column":56}},"line":40}},"branchMap":{},"s":{"0":1,"1":1,"2":1,"3":1,"4":1,"5":0,"6":0,"7":1,"8":0,"9":0,"10":0,"11":0,"12":1,"13":0,"14":0,"15":0,"16":0,"17":1,"18":0,"19":0,"20":0,"21":0,"22":1,"23":0},"f":{"0":1,"1":0,"2":0,"3":0,"4":0,"5":0,"6":0,"7":0,"8":0},"b":{},"_coverageSchema":"1a1c01bbd47fc00a2c39e90264f33305004495a9","hash":"4dfcf988fb22f25bc86b8dd6484019ee27de8195"}
}
